<?xml version="1.0" encoding="UTF-8"?>
<!-- Generated by org.testng.reporters.JUnitXMLReporter -->
<testsuite ignored="0" hostname="LAPTOP-IGK2Q2EI" failures="1" tests="1" name="AnnotationTest" time="0.028" errors="0" timestamp="2023-05-21T21:14:10 IST">
  <testcase classname="com.testngpack.LoginTest" name="logintest" time="0.0">
    <failure type="org.testng.TestNGException" message="
Parameter &amp;apos;username&amp;apos; is required by @Test on method logintest but has not been marked @Optional or defined
in C:\Users\Lenovo\SiplilearnPractice\TestNgProject\src\com\testngpack\testparallel.xml">
      <![CDATA[org.testng.TestNGException: 
Parameter 'username' is required by @Test on method logintest but has not been marked @Optional or defined
in C:\Users\Lenovo\SiplilearnPractice\TestNgProject\src\com\testngpack\testparallel.xml
at java.base/java.util.ArrayList.forEach(ArrayList.java:1511)
at java.base/java.util.concurrent.FutureTask.run(FutureTask.java:264)
at java.base/java.util.concurrent.ThreadPoolExecutor.runWorker(ThreadPoolExecutor.java:1130)
at java.base/java.util.concurrent.ThreadPoolExecutor$Worker.run(ThreadPoolExecutor.java:630)
at java.base/java.lang.Thread.run(Thread.java:831)
... Removed 17 stack frames]]>
    </failure>
  </testcase> <!-- logintest -->
</testsuite> <!-- AnnotationTest -->
